<?xml version="1.0" encoding="UTF-8"?>
<!-- Generated by org.testng.reporters.JUnitXMLReporter -->
<testsuite ignored="0" hostname="Arijeet" failures="1" tests="1" name="ChromeTest" time="39.891" errors="0" timestamp="2025-10-02T10:55:55 IST">
  <testcase classname="LTDemo.LTParallel" name="loginTest" time="39.743">
    <failure type="java.lang.AssertionError" message="The following asserts failed:
	expected [TestingWhiz Itegration With LambdaTest] but found [Running Automation Tests Using TestingWhiz LambdaTest | LambdaTest]">
      <![CDATA[java.lang.AssertionError: The following asserts failed:
expected [TestingWhiz Itegration With LambdaTest] but found [Running Automation Tests Using TestingWhiz LambdaTest | LambdaTest]
at LTDemo.LTParallel.loginTest(LTParallel.java:111)
at java.base/java.util.ArrayList.forEach(ArrayList.java:1596)
at java.base/java.util.concurrent.FutureTask.run(FutureTask.java:317)
at java.base/java.util.concurrent.ThreadPoolExecutor.runWorker(ThreadPoolExecutor.java:1144)
at java.base/java.util.concurrent.ThreadPoolExecutor$Worker.run(ThreadPoolExecutor.java:642)
at java.base/java.lang.Thread.run(Thread.java:1583)
... Removed 17 stack frames]]>
    </failure>
  </testcase> <!-- loginTest -->
</testsuite> <!-- ChromeTest -->
